2013/08/26 18:45:28 [error] [exception.CHttpException.404] exception 'CHttpException' with message 'Unable to find the code you requested.' in /home/istarstein/web/yii/framework/gii/CCodeGenerator.php:90
Stack trace:
#0 /home/istarstein/web/yii/framework/web/actions/CInlineAction.php(49): CCodeGenerator->actionCode()
#1 /home/istarstein/web/yii/framework/web/CController.php(308): CInlineAction->runWithParams(Array)
#2 /home/istarstein/web/yii/framework/web/CController.php(286): CController->runAction(Object(CInlineAction))
#3 /home/istarstein/web/yii/framework/web/CController.php(265): CController->runActionWithFilters(Object(CInlineAction), Array)
#4 /home/istarstein/web/yii/framework/web/CWebApplication.php(282): CController->run('code')
#5 /home/istarstein/web/yii/framework/web/CWebApplication.php(141): CWebApplication->runController('gii/model/code')
#6 /home/istarstein/web/yii/framework/base/CApplication.php(180): CWebApplication->processRequest()
#7 /home/istarstein/web/diary/index.php(13): CApplication->run()
#8 {main}
REQUEST_URI=/web/diary/index.php?r=gii/model/code&id=0
HTTP_REFERER=http://localhost/web/diary/index.php?r=gii/model/index
---
2013/08/26 18:50:53 [error] [exception.CHttpException.403] exception 'CHttpException' with message 'You are not authorized to perform this action.' in /home/istarstein/web/yii/framework/web/auth/CAccessControlFilter.php:182
Stack trace:
#0 /home/istarstein/web/yii/framework/web/auth/CAccessControlFilter.php(145): CAccessControlFilter->accessDenied(Object(CWebUser), 'You are not aut...')
#1 /home/istarstein/web/yii/framework/web/filters/CFilter.php(38): CAccessControlFilter->preFilter(Object(CFilterChain))
#2 /home/istarstein/web/yii/framework/web/CController.php(1145): CFilter->filter(Object(CFilterChain))
#3 /home/istarstein/web/yii/framework/web/filters/CInlineFilter.php(58): CController->filterAccessControl(Object(CFilterChain))
#4 /home/istarstein/web/yii/framework/web/filters/CFilterChain.php(130): CInlineFilter->filter(Object(CFilterChain))
#5 /home/istarstein/web/yii/framework/web/CController.php(291): CFilterChain->run()
#6 /home/istarstein/web/yii/framework/web/CController.php(265): CController->runActionWithFilters(Object(CInlineAction), Array)
#7 /home/istarstein/web/yii/framework/web/CWebApplication.php(282): CController->run('admin')
#8 /home/istarstein/web/yii/framework/web/CWebApplication.php(141): CWebApplication->runController('point/admin')
#9 /home/istarstein/web/yii/framework/base/CApplication.php(180): CWebApplication->processRequest()
#10 /home/istarstein/web/diary/index.php(13): CApplication->run()
#11 {main}
REQUEST_URI=/web/diary/index.php?r=point/admin
HTTP_REFERER=http://localhost/web/diary/index.php?r=point/create
---
2013/08/26 20:03:05 [error] [exception.CException] exception 'CException' with message 'Property "Point.status" is not defined.' in /home/istarstein/web/yii/framework/base/CComponent.php:130
Stack trace:
#0 /home/istarstein/web/yii/framework/db/ar/CActiveRecord.php(145): CComponent->__get('status')
#1 /home/istarstein/web/yii/framework/web/helpers/CHtml.php(2529): CActiveRecord->__get('status')
#2 /home/istarstein/web/yii/framework/web/helpers/CHtml.php(1802): CHtml::resolveValue(Object(Point), 'status')
#3 /home/istarstein/web/yii/framework/web/widgets/CActiveForm.php(847): CHtml::activeDropDownList(Object(Point), 'status', Array, Array)
#4 /home/istarstein/web/diary/protected/views/point/_form.php(34): CActiveForm->dropDownList(Object(Point), 'status', Array)
#5 /home/istarstein/web/yii/framework/web/CBaseController.php(126): require('/home/istarstei...')
#6 /home/istarstein/web/yii/framework/web/CBaseController.php(95): CBaseController->renderInternal('/home/istarstei...', Array, true)
#7 /home/istarstein/web/yii/framework/web/CController.php(869): CBaseController->renderFile('/home/istarstei...', Array, true)
#8 /home/istarstein/web/diary/protected/views/point/create.php(18): CController->renderPartial('_form', Array)
#9 /home/istarstein/web/yii/framework/web/CBaseController.php(126): require('/home/istarstei...')
#10 /home/istarstein/web/yii/framework/web/CBaseController.php(95): CBaseController->renderInternal('/home/istarstei...', Array, true)
#11 /home/istarstein/web/yii/framework/web/CController.php(869): CBaseController->renderFile('/home/istarstei...', Array, true)
#12 /home/istarstein/web/yii/framework/web/CController.php(782): CController->renderPartial('create', Array, true)
#13 /home/istarstein/web/diary/protected/controllers/PointController.php(66): CController->render('create', Array)
#14 /home/istarstein/web/yii/framework/web/actions/CInlineAction.php(49): PointController->actionCreate()
#15 /home/istarstein/web/yii/framework/web/CController.php(308): CInlineAction->runWithParams(Array)
#16 /home/istarstein/web/yii/framework/web/filters/CFilterChain.php(133): CController->runAction(Object(CInlineAction))
#17 /home/istarstein/web/yii/framework/web/filters/CFilter.php(40): CFilterChain->run()
#18 /home/istarstein/web/yii/framework/web/CController.php(1145): CFilter->filter(Object(CFilterChain))
#19 /home/istarstein/web/yii/framework/web/filters/CInlineFilter.php(58): CController->filterAccessControl(Object(CFilterChain))
#20 /home/istarstein/web/yii/framework/web/filters/CFilterChain.php(130): CInlineFilter->filter(Object(CFilterChain))
#21 /home/istarstein/web/yii/framework/web/CController.php(291): CFilterChain->run()
#22 /home/istarstein/web/yii/framework/web/CController.php(265): CController->runActionWithFilters(Object(CInlineAction), Array)
#23 /home/istarstein/web/yii/framework/web/CWebApplication.php(282): CController->run('create')
#24 /home/istarstein/web/yii/framework/web/CWebApplication.php(141): CWebApplication->runController('point/create')
#25 /home/istarstein/web/yii/framework/base/CApplication.php(180): CWebApplication->processRequest()
#26 /home/istarstein/web/diary/index.php(13): CApplication->run()
#27 {main}
REQUEST_URI=/web/diary/index.php?r=point/create
HTTP_REFERER=http://localhost/web/diary/index.php?r=point/create
---
2013/08/26 20:03:42 [error] [exception.CException] exception 'CException' with message 'Property "Point.status" is not defined.' in /home/istarstein/web/yii/framework/base/CComponent.php:130
Stack trace:
#0 /home/istarstein/web/yii/framework/db/ar/CActiveRecord.php(145): CComponent->__get('status')
#1 /home/istarstein/web/yii/framework/web/helpers/CHtml.php(2529): CActiveRecord->__get('status')
#2 /home/istarstein/web/yii/framework/web/helpers/CHtml.php(1802): CHtml::resolveValue(Object(Point), 'status')
#3 /home/istarstein/web/yii/framework/web/widgets/CActiveForm.php(847): CHtml::activeDropDownList(Object(Point), 'status', Array, Array)
#4 /home/istarstein/web/diary/protected/views/point/_form.php(34): CActiveForm->dropDownList(Object(Point), 'status', Array)
#5 /home/istarstein/web/yii/framework/web/CBaseController.php(126): require('/home/istarstei...')
#6 /home/istarstein/web/yii/framework/web/CBaseController.php(95): CBaseController->renderInternal('/home/istarstei...', Array, true)
#7 /home/istarstein/web/yii/framework/web/CController.php(869): CBaseController->renderFile('/home/istarstei...', Array, true)
#8 /home/istarstein/web/diary/protected/views/point/create.php(18): CController->renderPartial('_form', Array)
#9 /home/istarstein/web/yii/framework/web/CBaseController.php(126): require('/home/istarstei...')
#10 /home/istarstein/web/yii/framework/web/CBaseController.php(95): CBaseController->renderInternal('/home/istarstei...', Array, true)
#11 /home/istarstein/web/yii/framework/web/CController.php(869): CBaseController->renderFile('/home/istarstei...', Array, true)
#12 /home/istarstein/web/yii/framework/web/CController.php(782): CController->renderPartial('create', Array, true)
#13 /home/istarstein/web/diary/protected/controllers/PointController.php(66): CController->render('create', Array)
#14 /home/istarstein/web/yii/framework/web/actions/CInlineAction.php(49): PointController->actionCreate()
#15 /home/istarstein/web/yii/framework/web/CController.php(308): CInlineAction->runWithParams(Array)
#16 /home/istarstein/web/yii/framework/web/filters/CFilterChain.php(133): CController->runAction(Object(CInlineAction))
#17 /home/istarstein/web/yii/framework/web/filters/CFilter.php(40): CFilterChain->run()
#18 /home/istarstein/web/yii/framework/web/CController.php(1145): CFilter->filter(Object(CFilterChain))
#19 /home/istarstein/web/yii/framework/web/filters/CInlineFilter.php(58): CController->filterAccessControl(Object(CFilterChain))
#20 /home/istarstein/web/yii/framework/web/filters/CFilterChain.php(130): CInlineFilter->filter(Object(CFilterChain))
#21 /home/istarstein/web/yii/framework/web/CController.php(291): CFilterChain->run()
#22 /home/istarstein/web/yii/framework/web/CController.php(265): CController->runActionWithFilters(Object(CInlineAction), Array)
#23 /home/istarstein/web/yii/framework/web/CWebApplication.php(282): CController->run('create')
#24 /home/istarstein/web/yii/framework/web/CWebApplication.php(141): CWebApplication->runController('point/create')
#25 /home/istarstein/web/yii/framework/base/CApplication.php(180): CWebApplication->processRequest()
#26 /home/istarstein/web/diary/index.php(13): CApplication->run()
#27 {main}
REQUEST_URI=/web/diary/index.php?r=point/create
HTTP_REFERER=http://localhost/web/diary/index.php?r=point/create
---
2013/08/26 20:04:13 [error] [exception.CException] exception 'CException' with message 'Property "Point.status" is not defined.' in /home/istarstein/web/yii/framework/base/CComponent.php:130
Stack trace:
#0 /home/istarstein/web/yii/framework/db/ar/CActiveRecord.php(145): CComponent->__get('status')
#1 /home/istarstein/web/yii/framework/web/helpers/CHtml.php(2529): CActiveRecord->__get('status')
#2 /home/istarstein/web/yii/framework/web/helpers/CHtml.php(1802): CHtml::resolveValue(Object(Point), 'status')
#3 /home/istarstein/web/yii/framework/web/widgets/CActiveForm.php(847): CHtml::activeDropDownList(Object(Point), 'status', Array, Array)
#4 /home/istarstein/web/diary/protected/views/point/_form.php(34): CActiveForm->dropDownList(Object(Point), 'status', Array)
#5 /home/istarstein/web/yii/framework/web/CBaseController.php(126): require('/home/istarstei...')
#6 /home/istarstein/web/yii/framework/web/CBaseController.php(95): CBaseController->renderInternal('/home/istarstei...', Array, true)
#7 /home/istarstein/web/yii/framework/web/CController.php(869): CBaseController->renderFile('/home/istarstei...', Array, true)
#8 /home/istarstein/web/diary/protected/views/point/create.php(18): CController->renderPartial('_form', Array)
#9 /home/istarstein/web/yii/framework/web/CBaseController.php(126): require('/home/istarstei...')
#10 /home/istarstein/web/yii/framework/web/CBaseController.php(95): CBaseController->renderInternal('/home/istarstei...', Array, true)
#11 /home/istarstein/web/yii/framework/web/CController.php(869): CBaseController->renderFile('/home/istarstei...', Array, true)
#12 /home/istarstein/web/yii/framework/web/CController.php(782): CController->renderPartial('create', Array, true)
#13 /home/istarstein/web/diary/protected/controllers/PointController.php(66): CController->render('create', Array)
#14 /home/istarstein/web/yii/framework/web/actions/CInlineAction.php(49): PointController->actionCreate()
#15 /home/istarstein/web/yii/framework/web/CController.php(308): CInlineAction->runWithParams(Array)
#16 /home/istarstein/web/yii/framework/web/filters/CFilterChain.php(133): CController->runAction(Object(CInlineAction))
#17 /home/istarstein/web/yii/framework/web/filters/CFilter.php(40): CFilterChain->run()
#18 /home/istarstein/web/yii/framework/web/CController.php(1145): CFilter->filter(Object(CFilterChain))
#19 /home/istarstein/web/yii/framework/web/filters/CInlineFilter.php(58): CController->filterAccessControl(Object(CFilterChain))
#20 /home/istarstein/web/yii/framework/web/filters/CFilterChain.php(130): CInlineFilter->filter(Object(CFilterChain))
#21 /home/istarstein/web/yii/framework/web/CController.php(291): CFilterChain->run()
#22 /home/istarstein/web/yii/framework/web/CController.php(265): CController->runActionWithFilters(Object(CInlineAction), Array)
#23 /home/istarstein/web/yii/framework/web/CWebApplication.php(282): CController->run('create')
#24 /home/istarstein/web/yii/framework/web/CWebApplication.php(141): CWebApplication->runController('point/create')
#25 /home/istarstein/web/yii/framework/base/CApplication.php(180): CWebApplication->processRequest()
#26 /home/istarstein/web/diary/index.php(13): CApplication->run()
#27 {main}
REQUEST_URI=/web/diary/index.php?r=point/create
HTTP_REFERER=http://localhost/web/diary/index.php?r=point/create
---
2013/08/26 20:22:53 [error] [exception.CHttpException.400] exception 'CHttpException' with message 'Your request is invalid.' in /home/istarstein/web/yii/framework/web/CController.php:1118
Stack trace:
#0 /home/istarstein/web/yii/framework/web/filters/CInlineFilter.php(58): CController->filterPostOnly(Object(CFilterChain))
#1 /home/istarstein/web/yii/framework/web/filters/CFilterChain.php(130): CInlineFilter->filter(Object(CFilterChain))
#2 /home/istarstein/web/yii/framework/web/filters/CFilter.php(40): CFilterChain->run()
#3 /home/istarstein/web/yii/framework/web/CController.php(1145): CFilter->filter(Object(CFilterChain))
#4 /home/istarstein/web/yii/framework/web/filters/CInlineFilter.php(58): CController->filterAccessControl(Object(CFilterChain))
#5 /home/istarstein/web/yii/framework/web/filters/CFilterChain.php(130): CInlineFilter->filter(Object(CFilterChain))
#6 /home/istarstein/web/yii/framework/web/CController.php(291): CFilterChain->run()
#7 /home/istarstein/web/yii/framework/web/CController.php(265): CController->runActionWithFilters(Object(CInlineAction), Array)
#8 /home/istarstein/web/yii/framework/web/CWebApplication.php(282): CController->run('delete')
#9 /home/istarstein/web/yii/framework/web/CWebApplication.php(141): CWebApplication->runController('point/delete')
#10 /home/istarstein/web/yii/framework/base/CApplication.php(180): CWebApplication->processRequest()
#11 /home/istarstein/web/diary/index.php(13): CApplication->run()
#12 {main}
REQUEST_URI=/web/diary/index.php?r=point/delete&id=2
HTTP_REFERER=http://localhost/web/diary/index.php?r=point/index
---
2013/08/26 20:25:19 [error] [exception.CHttpException.400] exception 'CHttpException' with message 'Your request is invalid.' in /home/istarstein/web/yii/framework/web/CController.php:1118
Stack trace:
#0 /home/istarstein/web/yii/framework/web/filters/CInlineFilter.php(58): CController->filterPostOnly(Object(CFilterChain))
#1 /home/istarstein/web/yii/framework/web/filters/CFilterChain.php(130): CInlineFilter->filter(Object(CFilterChain))
#2 /home/istarstein/web/yii/framework/web/filters/CFilter.php(40): CFilterChain->run()
#3 /home/istarstein/web/yii/framework/web/CController.php(1145): CFilter->filter(Object(CFilterChain))
#4 /home/istarstein/web/yii/framework/web/filters/CInlineFilter.php(58): CController->filterAccessControl(Object(CFilterChain))
#5 /home/istarstein/web/yii/framework/web/filters/CFilterChain.php(130): CInlineFilter->filter(Object(CFilterChain))
#6 /home/istarstein/web/yii/framework/web/CController.php(291): CFilterChain->run()
#7 /home/istarstein/web/yii/framework/web/CController.php(265): CController->runActionWithFilters(Object(CInlineAction), Array)
#8 /home/istarstein/web/yii/framework/web/CWebApplication.php(282): CController->run('delete')
#9 /home/istarstein/web/yii/framework/web/CWebApplication.php(141): CWebApplication->runController('point/delete')
#10 /home/istarstein/web/yii/framework/base/CApplication.php(180): CWebApplication->processRequest()
#11 /home/istarstein/web/diary/index.php(13): CApplication->run()
#12 {main}
REQUEST_URI=/web/diary/index.php?r=point/delete&id=2
HTTP_REFERER=http://localhost/web/diary/index.php?r=point/index
---
2013/08/26 20:43:19 [error] [exception.CHttpException.404] exception 'CHttpException' with message 'The requested page does not exist.' in /home/istarstein/web/diary/protected/controllers/PointController.php:144
Stack trace:
#0 /home/istarstein/web/diary/protected/controllers/PointController.php(100): PointController->loadModel('3')
#1 [internal function]: PointController->actionDelete('3')
#2 /home/istarstein/web/yii/framework/web/actions/CAction.php(108): ReflectionMethod->invokeArgs(Object(PointController), Array)
#3 /home/istarstein/web/yii/framework/web/actions/CInlineAction.php(47): CAction->runWithParamsInternal(Object(PointController), Object(ReflectionMethod), Array)
#4 /home/istarstein/web/yii/framework/web/CController.php(308): CInlineAction->runWithParams(Array)
#5 /home/istarstein/web/yii/framework/web/filters/CFilterChain.php(133): CController->runAction(Object(CInlineAction))
#6 /home/istarstein/web/yii/framework/web/CController.php(1116): CFilterChain->run()
#7 /home/istarstein/web/yii/framework/web/filters/CInlineFilter.php(58): CController->filterPostOnly(Object(CFilterChain))
#8 /home/istarstein/web/yii/framework/web/filters/CFilterChain.php(130): CInlineFilter->filter(Object(CFilterChain))
#9 /home/istarstein/web/yii/framework/web/filters/CFilter.php(40): CFilterChain->run()
#10 /home/istarstein/web/yii/framework/web/CController.php(1145): CFilter->filter(Object(CFilterChain))
#11 /home/istarstein/web/yii/framework/web/filters/CInlineFilter.php(58): CController->filterAccessControl(Object(CFilterChain))
#12 /home/istarstein/web/yii/framework/web/filters/CFilterChain.php(130): CInlineFilter->filter(Object(CFilterChain))
#13 /home/istarstein/web/yii/framework/web/CController.php(291): CFilterChain->run()
#14 /home/istarstein/web/yii/framework/web/CController.php(265): CController->runActionWithFilters(Object(CInlineAction), Array)
#15 /home/istarstein/web/yii/framework/web/CWebApplication.php(282): CController->run('delete')
#16 /home/istarstein/web/yii/framework/web/CWebApplication.php(141): CWebApplication->runController('point/delete')
#17 /home/istarstein/web/yii/framework/base/CApplication.php(180): CWebApplication->processRequest()
#18 /home/istarstein/web/diary/index.php(13): CApplication->run()
#19 {main}
REQUEST_URI=/web/diary/index.php?r=point/delete&id=3&ajax=delete
HTTP_REFERER=http://localhost/web/diary/index.php?r=point/index
---
2013/08/26 20:43:20 [error] [exception.CHttpException.404] exception 'CHttpException' with message 'The requested page does not exist.' in /home/istarstein/web/diary/protected/controllers/PointController.php:144
Stack trace:
#0 /home/istarstein/web/diary/protected/controllers/PointController.php(100): PointController->loadModel('3')
#1 [internal function]: PointController->actionDelete('3')
#2 /home/istarstein/web/yii/framework/web/actions/CAction.php(108): ReflectionMethod->invokeArgs(Object(PointController), Array)
#3 /home/istarstein/web/yii/framework/web/actions/CInlineAction.php(47): CAction->runWithParamsInternal(Object(PointController), Object(ReflectionMethod), Array)
#4 /home/istarstein/web/yii/framework/web/CController.php(308): CInlineAction->runWithParams(Array)
#5 /home/istarstein/web/yii/framework/web/filters/CFilterChain.php(133): CController->runAction(Object(CInlineAction))
#6 /home/istarstein/web/yii/framework/web/CController.php(1116): CFilterChain->run()
#7 /home/istarstein/web/yii/framework/web/filters/CInlineFilter.php(58): CController->filterPostOnly(Object(CFilterChain))
#8 /home/istarstein/web/yii/framework/web/filters/CFilterChain.php(130): CInlineFilter->filter(Object(CFilterChain))
#9 /home/istarstein/web/yii/framework/web/filters/CFilter.php(40): CFilterChain->run()
#10 /home/istarstein/web/yii/framework/web/CController.php(1145): CFilter->filter(Object(CFilterChain))
#11 /home/istarstein/web/yii/framework/web/filters/CInlineFilter.php(58): CController->filterAccessControl(Object(CFilterChain))
#12 /home/istarstein/web/yii/framework/web/filters/CFilterChain.php(130): CInlineFilter->filter(Object(CFilterChain))
#13 /home/istarstein/web/yii/framework/web/CController.php(291): CFilterChain->run()
#14 /home/istarstein/web/yii/framework/web/CController.php(265): CController->runActionWithFilters(Object(CInlineAction), Array)
#15 /home/istarstein/web/yii/framework/web/CWebApplication.php(282): CController->run('delete')
#16 /home/istarstein/web/yii/framework/web/CWebApplication.php(141): CWebApplication->runController('point/delete')
#17 /home/istarstein/web/yii/framework/base/CApplication.php(180): CWebApplication->processRequest()
#18 /home/istarstein/web/diary/index.php(13): CApplication->run()
#19 {main}
REQUEST_URI=/web/diary/index.php?r=point/delete&id=3&ajax=delete
HTTP_REFERER=http://localhost/web/diary/index.php?r=point/index
---
2013/08/26 20:43:22 [error] [exception.CHttpException.404] exception 'CHttpException' with message 'The requested page does not exist.' in /home/istarstein/web/diary/protected/controllers/PointController.php:144
Stack trace:
#0 /home/istarstein/web/diary/protected/controllers/PointController.php(100): PointController->loadModel('3')
#1 [internal function]: PointController->actionDelete('3')
#2 /home/istarstein/web/yii/framework/web/actions/CAction.php(108): ReflectionMethod->invokeArgs(Object(PointController), Array)
#3 /home/istarstein/web/yii/framework/web/actions/CInlineAction.php(47): CAction->runWithParamsInternal(Object(PointController), Object(ReflectionMethod), Array)
#4 /home/istarstein/web/yii/framework/web/CController.php(308): CInlineAction->runWithParams(Array)
#5 /home/istarstein/web/yii/framework/web/filters/CFilterChain.php(133): CController->runAction(Object(CInlineAction))
#6 /home/istarstein/web/yii/framework/web/CController.php(1116): CFilterChain->run()
#7 /home/istarstein/web/yii/framework/web/filters/CInlineFilter.php(58): CController->filterPostOnly(Object(CFilterChain))
#8 /home/istarstein/web/yii/framework/web/filters/CFilterChain.php(130): CInlineFilter->filter(Object(CFilterChain))
#9 /home/istarstein/web/yii/framework/web/filters/CFilter.php(40): CFilterChain->run()
#10 /home/istarstein/web/yii/framework/web/CController.php(1145): CFilter->filter(Object(CFilterChain))
#11 /home/istarstein/web/yii/framework/web/filters/CInlineFilter.php(58): CController->filterAccessControl(Object(CFilterChain))
#12 /home/istarstein/web/yii/framework/web/filters/CFilterChain.php(130): CInlineFilter->filter(Object(CFilterChain))
#13 /home/istarstein/web/yii/framework/web/CController.php(291): CFilterChain->run()
#14 /home/istarstein/web/yii/framework/web/CController.php(265): CController->runActionWithFilters(Object(CInlineAction), Array)
#15 /home/istarstein/web/yii/framework/web/CWebApplication.php(282): CController->run('delete')
#16 /home/istarstein/web/yii/framework/web/CWebApplication.php(141): CWebApplication->runController('point/delete')
#17 /home/istarstein/web/yii/framework/base/CApplication.php(180): CWebApplication->processRequest()
#18 /home/istarstein/web/diary/index.php(13): CApplication->run()
#19 {main}
REQUEST_URI=/web/diary/index.php?r=point/delete&id=3&ajax=delete
HTTP_REFERER=http://localhost/web/diary/index.php?r=point/index
---
2013/08/26 20:43:23 [error] [exception.CHttpException.404] exception 'CHttpException' with message 'The requested page does not exist.' in /home/istarstein/web/diary/protected/controllers/PointController.php:144
Stack trace:
#0 /home/istarstein/web/diary/protected/controllers/PointController.php(100): PointController->loadModel('3')
#1 [internal function]: PointController->actionDelete('3')
#2 /home/istarstein/web/yii/framework/web/actions/CAction.php(108): ReflectionMethod->invokeArgs(Object(PointController), Array)
#3 /home/istarstein/web/yii/framework/web/actions/CInlineAction.php(47): CAction->runWithParamsInternal(Object(PointController), Object(ReflectionMethod), Array)
#4 /home/istarstein/web/yii/framework/web/CController.php(308): CInlineAction->runWithParams(Array)
#5 /home/istarstein/web/yii/framework/web/filters/CFilterChain.php(133): CController->runAction(Object(CInlineAction))
#6 /home/istarstein/web/yii/framework/web/CController.php(1116): CFilterChain->run()
#7 /home/istarstein/web/yii/framework/web/filters/CInlineFilter.php(58): CController->filterPostOnly(Object(CFilterChain))
#8 /home/istarstein/web/yii/framework/web/filters/CFilterChain.php(130): CInlineFilter->filter(Object(CFilterChain))
#9 /home/istarstein/web/yii/framework/web/filters/CFilter.php(40): CFilterChain->run()
#10 /home/istarstein/web/yii/framework/web/CController.php(1145): CFilter->filter(Object(CFilterChain))
#11 /home/istarstein/web/yii/framework/web/filters/CInlineFilter.php(58): CController->filterAccessControl(Object(CFilterChain))
#12 /home/istarstein/web/yii/framework/web/filters/CFilterChain.php(130): CInlineFilter->filter(Object(CFilterChain))
#13 /home/istarstein/web/yii/framework/web/CController.php(291): CFilterChain->run()
#14 /home/istarstein/web/yii/framework/web/CController.php(265): CController->runActionWithFilters(Object(CInlineAction), Array)
#15 /home/istarstein/web/yii/framework/web/CWebApplication.php(282): CController->run('delete')
#16 /home/istarstein/web/yii/framework/web/CWebApplication.php(141): CWebApplication->runController('point/delete')
#17 /home/istarstein/web/yii/framework/base/CApplication.php(180): CWebApplication->processRequest()
#18 /home/istarstein/web/diary/index.php(13): CApplication->run()
#19 {main}
REQUEST_URI=/web/diary/index.php?r=point/delete&id=3&ajax=delete
HTTP_REFERER=http://localhost/web/diary/index.php?r=point/index
---
2013/08/26 20:43:23 [error] [exception.CHttpException.404] exception 'CHttpException' with message 'The requested page does not exist.' in /home/istarstein/web/diary/protected/controllers/PointController.php:144
Stack trace:
#0 /home/istarstein/web/diary/protected/controllers/PointController.php(100): PointController->loadModel('3')
#1 [internal function]: PointController->actionDelete('3')
#2 /home/istarstein/web/yii/framework/web/actions/CAction.php(108): ReflectionMethod->invokeArgs(Object(PointController), Array)
#3 /home/istarstein/web/yii/framework/web/actions/CInlineAction.php(47): CAction->runWithParamsInternal(Object(PointController), Object(ReflectionMethod), Array)
#4 /home/istarstein/web/yii/framework/web/CController.php(308): CInlineAction->runWithParams(Array)
#5 /home/istarstein/web/yii/framework/web/filters/CFilterChain.php(133): CController->runAction(Object(CInlineAction))
#6 /home/istarstein/web/yii/framework/web/CController.php(1116): CFilterChain->run()
#7 /home/istarstein/web/yii/framework/web/filters/CInlineFilter.php(58): CController->filterPostOnly(Object(CFilterChain))
#8 /home/istarstein/web/yii/framework/web/filters/CFilterChain.php(130): CInlineFilter->filter(Object(CFilterChain))
#9 /home/istarstein/web/yii/framework/web/filters/CFilter.php(40): CFilterChain->run()
#10 /home/istarstein/web/yii/framework/web/CController.php(1145): CFilter->filter(Object(CFilterChain))
#11 /home/istarstein/web/yii/framework/web/filters/CInlineFilter.php(58): CController->filterAccessControl(Object(CFilterChain))
#12 /home/istarstein/web/yii/framework/web/filters/CFilterChain.php(130): CInlineFilter->filter(Object(CFilterChain))
#13 /home/istarstein/web/yii/framework/web/CController.php(291): CFilterChain->run()
#14 /home/istarstein/web/yii/framework/web/CController.php(265): CController->runActionWithFilters(Object(CInlineAction), Array)
#15 /home/istarstein/web/yii/framework/web/CWebApplication.php(282): CController->run('delete')
#16 /home/istarstein/web/yii/framework/web/CWebApplication.php(141): CWebApplication->runController('point/delete')
#17 /home/istarstein/web/yii/framework/base/CApplication.php(180): CWebApplication->processRequest()
#18 /home/istarstein/web/diary/index.php(13): CApplication->run()
#19 {main}
REQUEST_URI=/web/diary/index.php?r=point/delete&id=3&ajax=delete
HTTP_REFERER=http://localhost/web/diary/index.php?r=point/index
---
2013/08/26 20:43:23 [error] [exception.CHttpException.404] exception 'CHttpException' with message 'The requested page does not exist.' in /home/istarstein/web/diary/protected/controllers/PointController.php:144
Stack trace:
#0 /home/istarstein/web/diary/protected/controllers/PointController.php(100): PointController->loadModel('3')
#1 [internal function]: PointController->actionDelete('3')
#2 /home/istarstein/web/yii/framework/web/actions/CAction.php(108): ReflectionMethod->invokeArgs(Object(PointController), Array)
#3 /home/istarstein/web/yii/framework/web/actions/CInlineAction.php(47): CAction->runWithParamsInternal(Object(PointController), Object(ReflectionMethod), Array)
#4 /home/istarstein/web/yii/framework/web/CController.php(308): CInlineAction->runWithParams(Array)
#5 /home/istarstein/web/yii/framework/web/filters/CFilterChain.php(133): CController->runAction(Object(CInlineAction))
#6 /home/istarstein/web/yii/framework/web/CController.php(1116): CFilterChain->run()
#7 /home/istarstein/web/yii/framework/web/filters/CInlineFilter.php(58): CController->filterPostOnly(Object(CFilterChain))
#8 /home/istarstein/web/yii/framework/web/filters/CFilterChain.php(130): CInlineFilter->filter(Object(CFilterChain))
#9 /home/istarstein/web/yii/framework/web/filters/CFilter.php(40): CFilterChain->run()
#10 /home/istarstein/web/yii/framework/web/CController.php(1145): CFilter->filter(Object(CFilterChain))
#11 /home/istarstein/web/yii/framework/web/filters/CInlineFilter.php(58): CController->filterAccessControl(Object(CFilterChain))
#12 /home/istarstein/web/yii/framework/web/filters/CFilterChain.php(130): CInlineFilter->filter(Object(CFilterChain))
#13 /home/istarstein/web/yii/framework/web/CController.php(291): CFilterChain->run()
#14 /home/istarstein/web/yii/framework/web/CController.php(265): CController->runActionWithFilters(Object(CInlineAction), Array)
#15 /home/istarstein/web/yii/framework/web/CWebApplication.php(282): CController->run('delete')
#16 /home/istarstein/web/yii/framework/web/CWebApplication.php(141): CWebApplication->runController('point/delete')
#17 /home/istarstein/web/yii/framework/base/CApplication.php(180): CWebApplication->processRequest()
#18 /home/istarstein/web/diary/index.php(13): CApplication->run()
#19 {main}
REQUEST_URI=/web/diary/index.php?r=point/delete&id=3&ajax=delete
HTTP_REFERER=http://localhost/web/diary/index.php?r=point/index
---
2013/08/26 20:43:49 [error] [exception.CHttpException.404] exception 'CHttpException' with message 'The requested page does not exist.' in /home/istarstein/web/diary/protected/controllers/PointController.php:144
Stack trace:
#0 /home/istarstein/web/diary/protected/controllers/PointController.php(100): PointController->loadModel('7')
#1 [internal function]: PointController->actionDelete('7')
#2 /home/istarstein/web/yii/framework/web/actions/CAction.php(108): ReflectionMethod->invokeArgs(Object(PointController), Array)
#3 /home/istarstein/web/yii/framework/web/actions/CInlineAction.php(47): CAction->runWithParamsInternal(Object(PointController), Object(ReflectionMethod), Array)
#4 /home/istarstein/web/yii/framework/web/CController.php(308): CInlineAction->runWithParams(Array)
#5 /home/istarstein/web/yii/framework/web/filters/CFilterChain.php(133): CController->runAction(Object(CInlineAction))
#6 /home/istarstein/web/yii/framework/web/CController.php(1116): CFilterChain->run()
#7 /home/istarstein/web/yii/framework/web/filters/CInlineFilter.php(58): CController->filterPostOnly(Object(CFilterChain))
#8 /home/istarstein/web/yii/framework/web/filters/CFilterChain.php(130): CInlineFilter->filter(Object(CFilterChain))
#9 /home/istarstein/web/yii/framework/web/filters/CFilter.php(40): CFilterChain->run()
#10 /home/istarstein/web/yii/framework/web/CController.php(1145): CFilter->filter(Object(CFilterChain))
#11 /home/istarstein/web/yii/framework/web/filters/CInlineFilter.php(58): CController->filterAccessControl(Object(CFilterChain))
#12 /home/istarstein/web/yii/framework/web/filters/CFilterChain.php(130): CInlineFilter->filter(Object(CFilterChain))
#13 /home/istarstein/web/yii/framework/web/CController.php(291): CFilterChain->run()
#14 /home/istarstein/web/yii/framework/web/CController.php(265): CController->runActionWithFilters(Object(CInlineAction), Array)
#15 /home/istarstein/web/yii/framework/web/CWebApplication.php(282): CController->run('delete')
#16 /home/istarstein/web/yii/framework/web/CWebApplication.php(141): CWebApplication->runController('point/delete')
#17 /home/istarstein/web/yii/framework/base/CApplication.php(180): CWebApplication->processRequest()
#18 /home/istarstein/web/diary/index.php(13): CApplication->run()
#19 {main}
REQUEST_URI=/web/diary/index.php?r=point/delete&id=7&ajax=delete
HTTP_REFERER=http://localhost/web/diary/index.php?r=point/index
---
2013/08/26 20:43:52 [error] [exception.CHttpException.404] exception 'CHttpException' with message 'The requested page does not exist.' in /home/istarstein/web/diary/protected/controllers/PointController.php:144
Stack trace:
#0 /home/istarstein/web/diary/protected/controllers/PointController.php(100): PointController->loadModel('7')
#1 [internal function]: PointController->actionDelete('7')
#2 /home/istarstein/web/yii/framework/web/actions/CAction.php(108): ReflectionMethod->invokeArgs(Object(PointController), Array)
#3 /home/istarstein/web/yii/framework/web/actions/CInlineAction.php(47): CAction->runWithParamsInternal(Object(PointController), Object(ReflectionMethod), Array)
#4 /home/istarstein/web/yii/framework/web/CController.php(308): CInlineAction->runWithParams(Array)
#5 /home/istarstein/web/yii/framework/web/filters/CFilterChain.php(133): CController->runAction(Object(CInlineAction))
#6 /home/istarstein/web/yii/framework/web/CController.php(1116): CFilterChain->run()
#7 /home/istarstein/web/yii/framework/web/filters/CInlineFilter.php(58): CController->filterPostOnly(Object(CFilterChain))
#8 /home/istarstein/web/yii/framework/web/filters/CFilterChain.php(130): CInlineFilter->filter(Object(CFilterChain))
#9 /home/istarstein/web/yii/framework/web/filters/CFilter.php(40): CFilterChain->run()
#10 /home/istarstein/web/yii/framework/web/CController.php(1145): CFilter->filter(Object(CFilterChain))
#11 /home/istarstein/web/yii/framework/web/filters/CInlineFilter.php(58): CController->filterAccessControl(Object(CFilterChain))
#12 /home/istarstein/web/yii/framework/web/filters/CFilterChain.php(130): CInlineFilter->filter(Object(CFilterChain))
#13 /home/istarstein/web/yii/framework/web/CController.php(291): CFilterChain->run()
#14 /home/istarstein/web/yii/framework/web/CController.php(265): CController->runActionWithFilters(Object(CInlineAction), Array)
#15 /home/istarstein/web/yii/framework/web/CWebApplication.php(282): CController->run('delete')
#16 /home/istarstein/web/yii/framework/web/CWebApplication.php(141): CWebApplication->runController('point/delete')
#17 /home/istarstein/web/yii/framework/base/CApplication.php(180): CWebApplication->processRequest()
#18 /home/istarstein/web/diary/index.php(13): CApplication->run()
#19 {main}
REQUEST_URI=/web/diary/index.php?r=point/delete&id=7&ajax=delete
HTTP_REFERER=http://localhost/web/diary/index.php?r=point/index
---
2013/08/26 20:43:53 [error] [exception.CHttpException.404] exception 'CHttpException' with message 'The requested page does not exist.' in /home/istarstein/web/diary/protected/controllers/PointController.php:144
Stack trace:
#0 /home/istarstein/web/diary/protected/controllers/PointController.php(100): PointController->loadModel('7')
#1 [internal function]: PointController->actionDelete('7')
#2 /home/istarstein/web/yii/framework/web/actions/CAction.php(108): ReflectionMethod->invokeArgs(Object(PointController), Array)
#3 /home/istarstein/web/yii/framework/web/actions/CInlineAction.php(47): CAction->runWithParamsInternal(Object(PointController), Object(ReflectionMethod), Array)
#4 /home/istarstein/web/yii/framework/web/CController.php(308): CInlineAction->runWithParams(Array)
#5 /home/istarstein/web/yii/framework/web/filters/CFilterChain.php(133): CController->runAction(Object(CInlineAction))
#6 /home/istarstein/web/yii/framework/web/CController.php(1116): CFilterChain->run()
#7 /home/istarstein/web/yii/framework/web/filters/CInlineFilter.php(58): CController->filterPostOnly(Object(CFilterChain))
#8 /home/istarstein/web/yii/framework/web/filters/CFilterChain.php(130): CInlineFilter->filter(Object(CFilterChain))
#9 /home/istarstein/web/yii/framework/web/filters/CFilter.php(40): CFilterChain->run()
#10 /home/istarstein/web/yii/framework/web/CController.php(1145): CFilter->filter(Object(CFilterChain))
#11 /home/istarstein/web/yii/framework/web/filters/CInlineFilter.php(58): CController->filterAccessControl(Object(CFilterChain))
#12 /home/istarstein/web/yii/framework/web/filters/CFilterChain.php(130): CInlineFilter->filter(Object(CFilterChain))
#13 /home/istarstein/web/yii/framework/web/CController.php(291): CFilterChain->run()
#14 /home/istarstein/web/yii/framework/web/CController.php(265): CController->runActionWithFilters(Object(CInlineAction), Array)
#15 /home/istarstein/web/yii/framework/web/CWebApplication.php(282): CController->run('delete')
#16 /home/istarstein/web/yii/framework/web/CWebApplication.php(141): CWebApplication->runController('point/delete')
#17 /home/istarstein/web/yii/framework/base/CApplication.php(180): CWebApplication->processRequest()
#18 /home/istarstein/web/diary/index.php(13): CApplication->run()
#19 {main}
REQUEST_URI=/web/diary/index.php?r=point/delete&id=7&ajax=delete
HTTP_REFERER=http://localhost/web/diary/index.php?r=point/index
---
2013/08/26 20:52:16 [error] [exception.CHttpException.404] exception 'CHttpException' with message 'The system is unable to find the requested action "view".' in /home/istarstein/web/yii/framework/web/CController.php:483
Stack trace:
#0 /home/istarstein/web/yii/framework/web/CController.php(270): CController->missingAction('view')
#1 /home/istarstein/web/yii/framework/web/CWebApplication.php(282): CController->run('view')
#2 /home/istarstein/web/yii/framework/web/CWebApplication.php(141): CWebApplication->runController('point/view')
#3 /home/istarstein/web/yii/framework/base/CApplication.php(180): CWebApplication->processRequest()
#4 /home/istarstein/web/diary/index.php(13): CApplication->run()
#5 {main}
REQUEST_URI=/web/diary/index.php?r=point/view&id=11
HTTP_REFERER=http://localhost/web/diary/index.php?r=point/update&id=11
---
2013/08/26 21:20:41 [error] [exception.CHttpException.404] exception 'CHttpException' with message 'The requested page does not exist.' in /home/istarstein/web/diary/protected/controllers/PointController.php:117
Stack trace:
#0 /home/istarstein/web/diary/protected/controllers/PointController.php(89): PointController->loadModel('11')
#1 [internal function]: PointController->actionDelete('11')
#2 /home/istarstein/web/yii/framework/web/actions/CAction.php(108): ReflectionMethod->invokeArgs(Object(PointController), Array)
#3 /home/istarstein/web/yii/framework/web/actions/CInlineAction.php(47): CAction->runWithParamsInternal(Object(PointController), Object(ReflectionMethod), Array)
#4 /home/istarstein/web/yii/framework/web/CController.php(308): CInlineAction->runWithParams(Array)
#5 /home/istarstein/web/yii/framework/web/filters/CFilterChain.php(133): CController->runAction(Object(CInlineAction))
#6 /home/istarstein/web/yii/framework/web/CController.php(1116): CFilterChain->run()
#7 /home/istarstein/web/yii/framework/web/filters/CInlineFilter.php(58): CController->filterPostOnly(Object(CFilterChain))
#8 /home/istarstein/web/yii/framework/web/filters/CFilterChain.php(130): CInlineFilter->filter(Object(CFilterChain))
#9 /home/istarstein/web/yii/framework/web/filters/CFilter.php(40): CFilterChain->run()
#10 /home/istarstein/web/yii/framework/web/CController.php(1145): CFilter->filter(Object(CFilterChain))
#11 /home/istarstein/web/yii/framework/web/filters/CInlineFilter.php(58): CController->filterAccessControl(Object(CFilterChain))
#12 /home/istarstein/web/yii/framework/web/filters/CFilterChain.php(130): CInlineFilter->filter(Object(CFilterChain))
#13 /home/istarstein/web/yii/framework/web/CController.php(291): CFilterChain->run()
#14 /home/istarstein/web/yii/framework/web/CController.php(265): CController->runActionWithFilters(Object(CInlineAction), Array)
#15 /home/istarstein/web/yii/framework/web/CWebApplication.php(282): CController->run('delete')
#16 /home/istarstein/web/yii/framework/web/CWebApplication.php(141): CWebApplication->runController('point/delete')
#17 /home/istarstein/web/yii/framework/base/CApplication.php(180): CWebApplication->processRequest()
#18 /home/istarstein/web/diary/index.php(13): CApplication->run()
#19 {main}
REQUEST_URI=/web/diary/index.php?r=point/delete&id=11&ajax=delete
HTTP_REFERER=http://localhost/web/diary/index.php?r=point/index
---
2013/08/26 21:21:08 [error] [exception.CHttpException.404] exception 'CHttpException' with message 'The requested page does not exist.' in /home/istarstein/web/diary/protected/controllers/PointController.php:117
Stack trace:
#0 /home/istarstein/web/diary/protected/controllers/PointController.php(89): PointController->loadModel('14')
#1 [internal function]: PointController->actionDelete('14')
#2 /home/istarstein/web/yii/framework/web/actions/CAction.php(108): ReflectionMethod->invokeArgs(Object(PointController), Array)
#3 /home/istarstein/web/yii/framework/web/actions/CInlineAction.php(47): CAction->runWithParamsInternal(Object(PointController), Object(ReflectionMethod), Array)
#4 /home/istarstein/web/yii/framework/web/CController.php(308): CInlineAction->runWithParams(Array)
#5 /home/istarstein/web/yii/framework/web/filters/CFilterChain.php(133): CController->runAction(Object(CInlineAction))
#6 /home/istarstein/web/yii/framework/web/CController.php(1116): CFilterChain->run()
#7 /home/istarstein/web/yii/framework/web/filters/CInlineFilter.php(58): CController->filterPostOnly(Object(CFilterChain))
#8 /home/istarstein/web/yii/framework/web/filters/CFilterChain.php(130): CInlineFilter->filter(Object(CFilterChain))
#9 /home/istarstein/web/yii/framework/web/filters/CFilter.php(40): CFilterChain->run()
#10 /home/istarstein/web/yii/framework/web/CController.php(1145): CFilter->filter(Object(CFilterChain))
#11 /home/istarstein/web/yii/framework/web/filters/CInlineFilter.php(58): CController->filterAccessControl(Object(CFilterChain))
#12 /home/istarstein/web/yii/framework/web/filters/CFilterChain.php(130): CInlineFilter->filter(Object(CFilterChain))
#13 /home/istarstein/web/yii/framework/web/CController.php(291): CFilterChain->run()
#14 /home/istarstein/web/yii/framework/web/CController.php(265): CController->runActionWithFilters(Object(CInlineAction), Array)
#15 /home/istarstein/web/yii/framework/web/CWebApplication.php(282): CController->run('delete')
#16 /home/istarstein/web/yii/framework/web/CWebApplication.php(141): CWebApplication->runController('point/delete')
#17 /home/istarstein/web/yii/framework/base/CApplication.php(180): CWebApplication->processRequest()
#18 /home/istarstein/web/diary/index.php(13): CApplication->run()
#19 {main}
REQUEST_URI=/web/diary/index.php?r=point/delete&id=14&ajax=delete
HTTP_REFERER=http://localhost/web/diary/index.php?r=point/index
---
2013/08/26 21:21:09 [error] [exception.CHttpException.404] exception 'CHttpException' with message 'The requested page does not exist.' in /home/istarstein/web/diary/protected/controllers/PointController.php:117
Stack trace:
#0 /home/istarstein/web/diary/protected/controllers/PointController.php(89): PointController->loadModel('14')
#1 [internal function]: PointController->actionDelete('14')
#2 /home/istarstein/web/yii/framework/web/actions/CAction.php(108): ReflectionMethod->invokeArgs(Object(PointController), Array)
#3 /home/istarstein/web/yii/framework/web/actions/CInlineAction.php(47): CAction->runWithParamsInternal(Object(PointController), Object(ReflectionMethod), Array)
#4 /home/istarstein/web/yii/framework/web/CController.php(308): CInlineAction->runWithParams(Array)
#5 /home/istarstein/web/yii/framework/web/filters/CFilterChain.php(133): CController->runAction(Object(CInlineAction))
#6 /home/istarstein/web/yii/framework/web/CController.php(1116): CFilterChain->run()
#7 /home/istarstein/web/yii/framework/web/filters/CInlineFilter.php(58): CController->filterPostOnly(Object(CFilterChain))
#8 /home/istarstein/web/yii/framework/web/filters/CFilterChain.php(130): CInlineFilter->filter(Object(CFilterChain))
#9 /home/istarstein/web/yii/framework/web/filters/CFilter.php(40): CFilterChain->run()
#10 /home/istarstein/web/yii/framework/web/CController.php(1145): CFilter->filter(Object(CFilterChain))
#11 /home/istarstein/web/yii/framework/web/filters/CInlineFilter.php(58): CController->filterAccessControl(Object(CFilterChain))
#12 /home/istarstein/web/yii/framework/web/filters/CFilterChain.php(130): CInlineFilter->filter(Object(CFilterChain))
#13 /home/istarstein/web/yii/framework/web/CController.php(291): CFilterChain->run()
#14 /home/istarstein/web/yii/framework/web/CController.php(265): CController->runActionWithFilters(Object(CInlineAction), Array)
#15 /home/istarstein/web/yii/framework/web/CWebApplication.php(282): CController->run('delete')
#16 /home/istarstein/web/yii/framework/web/CWebApplication.php(141): CWebApplication->runController('point/delete')
#17 /home/istarstein/web/yii/framework/base/CApplication.php(180): CWebApplication->processRequest()
#18 /home/istarstein/web/diary/index.php(13): CApplication->run()
#19 {main}
REQUEST_URI=/web/diary/index.php?r=point/delete&id=14&ajax=delete
HTTP_REFERER=http://localhost/web/diary/index.php?r=point/index
---
2013/08/26 21:21:12 [error] [exception.CHttpException.404] exception 'CHttpException' with message 'The requested page does not exist.' in /home/istarstein/web/diary/protected/controllers/PointController.php:117
Stack trace:
#0 /home/istarstein/web/diary/protected/controllers/PointController.php(89): PointController->loadModel('14')
#1 [internal function]: PointController->actionDelete('14')
#2 /home/istarstein/web/yii/framework/web/actions/CAction.php(108): ReflectionMethod->invokeArgs(Object(PointController), Array)
#3 /home/istarstein/web/yii/framework/web/actions/CInlineAction.php(47): CAction->runWithParamsInternal(Object(PointController), Object(ReflectionMethod), Array)
#4 /home/istarstein/web/yii/framework/web/CController.php(308): CInlineAction->runWithParams(Array)
#5 /home/istarstein/web/yii/framework/web/filters/CFilterChain.php(133): CController->runAction(Object(CInlineAction))
#6 /home/istarstein/web/yii/framework/web/CController.php(1116): CFilterChain->run()
#7 /home/istarstein/web/yii/framework/web/filters/CInlineFilter.php(58): CController->filterPostOnly(Object(CFilterChain))
#8 /home/istarstein/web/yii/framework/web/filters/CFilterChain.php(130): CInlineFilter->filter(Object(CFilterChain))
#9 /home/istarstein/web/yii/framework/web/filters/CFilter.php(40): CFilterChain->run()
#10 /home/istarstein/web/yii/framework/web/CController.php(1145): CFilter->filter(Object(CFilterChain))
#11 /home/istarstein/web/yii/framework/web/filters/CInlineFilter.php(58): CController->filterAccessControl(Object(CFilterChain))
#12 /home/istarstein/web/yii/framework/web/filters/CFilterChain.php(130): CInlineFilter->filter(Object(CFilterChain))
#13 /home/istarstein/web/yii/framework/web/CController.php(291): CFilterChain->run()
#14 /home/istarstein/web/yii/framework/web/CController.php(265): CController->runActionWithFilters(Object(CInlineAction), Array)
#15 /home/istarstein/web/yii/framework/web/CWebApplication.php(282): CController->run('delete')
#16 /home/istarstein/web/yii/framework/web/CWebApplication.php(141): CWebApplication->runController('point/delete')
#17 /home/istarstein/web/yii/framework/base/CApplication.php(180): CWebApplication->processRequest()
#18 /home/istarstein/web/diary/index.php(13): CApplication->run()
#19 {main}
REQUEST_URI=/web/diary/index.php?r=point/delete&id=14&ajax=delete
HTTP_REFERER=http://localhost/web/diary/index.php?r=point/index
---
2013/08/26 21:21:13 [error] [exception.CHttpException.404] exception 'CHttpException' with message 'The requested page does not exist.' in /home/istarstein/web/diary/protected/controllers/PointController.php:117
Stack trace:
#0 /home/istarstein/web/diary/protected/controllers/PointController.php(89): PointController->loadModel('14')
#1 [internal function]: PointController->actionDelete('14')
#2 /home/istarstein/web/yii/framework/web/actions/CAction.php(108): ReflectionMethod->invokeArgs(Object(PointController), Array)
#3 /home/istarstein/web/yii/framework/web/actions/CInlineAction.php(47): CAction->runWithParamsInternal(Object(PointController), Object(ReflectionMethod), Array)
#4 /home/istarstein/web/yii/framework/web/CController.php(308): CInlineAction->runWithParams(Array)
#5 /home/istarstein/web/yii/framework/web/filters/CFilterChain.php(133): CController->runAction(Object(CInlineAction))
#6 /home/istarstein/web/yii/framework/web/CController.php(1116): CFilterChain->run()
#7 /home/istarstein/web/yii/framework/web/filters/CInlineFilter.php(58): CController->filterPostOnly(Object(CFilterChain))
#8 /home/istarstein/web/yii/framework/web/filters/CFilterChain.php(130): CInlineFilter->filter(Object(CFilterChain))
#9 /home/istarstein/web/yii/framework/web/filters/CFilter.php(40): CFilterChain->run()
#10 /home/istarstein/web/yii/framework/web/CController.php(1145): CFilter->filter(Object(CFilterChain))
#11 /home/istarstein/web/yii/framework/web/filters/CInlineFilter.php(58): CController->filterAccessControl(Object(CFilterChain))
#12 /home/istarstein/web/yii/framework/web/filters/CFilterChain.php(130): CInlineFilter->filter(Object(CFilterChain))
#13 /home/istarstein/web/yii/framework/web/CController.php(291): CFilterChain->run()
#14 /home/istarstein/web/yii/framework/web/CController.php(265): CController->runActionWithFilters(Object(CInlineAction), Array)
#15 /home/istarstein/web/yii/framework/web/CWebApplication.php(282): CController->run('delete')
#16 /home/istarstein/web/yii/framework/web/CWebApplication.php(141): CWebApplication->runController('point/delete')
#17 /home/istarstein/web/yii/framework/base/CApplication.php(180): CWebApplication->processRequest()
#18 /home/istarstein/web/diary/index.php(13): CApplication->run()
#19 {main}
REQUEST_URI=/web/diary/index.php?r=point/delete&id=14&ajax=delete
HTTP_REFERER=http://localhost/web/diary/index.php?r=point/index
---
2013/08/26 21:21:15 [error] [exception.CHttpException.404] exception 'CHttpException' with message 'The requested page does not exist.' in /home/istarstein/web/diary/protected/controllers/PointController.php:117
Stack trace:
#0 /home/istarstein/web/diary/protected/controllers/PointController.php(89): PointController->loadModel('13')
#1 [internal function]: PointController->actionDelete('13')
#2 /home/istarstein/web/yii/framework/web/actions/CAction.php(108): ReflectionMethod->invokeArgs(Object(PointController), Array)
#3 /home/istarstein/web/yii/framework/web/actions/CInlineAction.php(47): CAction->runWithParamsInternal(Object(PointController), Object(ReflectionMethod), Array)
#4 /home/istarstein/web/yii/framework/web/CController.php(308): CInlineAction->runWithParams(Array)
#5 /home/istarstein/web/yii/framework/web/filters/CFilterChain.php(133): CController->runAction(Object(CInlineAction))
#6 /home/istarstein/web/yii/framework/web/CController.php(1116): CFilterChain->run()
#7 /home/istarstein/web/yii/framework/web/filters/CInlineFilter.php(58): CController->filterPostOnly(Object(CFilterChain))
#8 /home/istarstein/web/yii/framework/web/filters/CFilterChain.php(130): CInlineFilter->filter(Object(CFilterChain))
#9 /home/istarstein/web/yii/framework/web/filters/CFilter.php(40): CFilterChain->run()
#10 /home/istarstein/web/yii/framework/web/CController.php(1145): CFilter->filter(Object(CFilterChain))
#11 /home/istarstein/web/yii/framework/web/filters/CInlineFilter.php(58): CController->filterAccessControl(Object(CFilterChain))
#12 /home/istarstein/web/yii/framework/web/filters/CFilterChain.php(130): CInlineFilter->filter(Object(CFilterChain))
#13 /home/istarstein/web/yii/framework/web/CController.php(291): CFilterChain->run()
#14 /home/istarstein/web/yii/framework/web/CController.php(265): CController->runActionWithFilters(Object(CInlineAction), Array)
#15 /home/istarstein/web/yii/framework/web/CWebApplication.php(282): CController->run('delete')
#16 /home/istarstein/web/yii/framework/web/CWebApplication.php(141): CWebApplication->runController('point/delete')
#17 /home/istarstein/web/yii/framework/base/CApplication.php(180): CWebApplication->processRequest()
#18 /home/istarstein/web/diary/index.php(13): CApplication->run()
#19 {main}
REQUEST_URI=/web/diary/index.php?r=point/delete&id=13&ajax=delete
HTTP_REFERER=http://localhost/web/diary/index.php?r=point/index
---
2013/08/26 21:21:16 [error] [exception.CHttpException.404] exception 'CHttpException' with message 'The requested page does not exist.' in /home/istarstein/web/diary/protected/controllers/PointController.php:117
Stack trace:
#0 /home/istarstein/web/diary/protected/controllers/PointController.php(89): PointController->loadModel('13')
#1 [internal function]: PointController->actionDelete('13')
#2 /home/istarstein/web/yii/framework/web/actions/CAction.php(108): ReflectionMethod->invokeArgs(Object(PointController), Array)
#3 /home/istarstein/web/yii/framework/web/actions/CInlineAction.php(47): CAction->runWithParamsInternal(Object(PointController), Object(ReflectionMethod), Array)
#4 /home/istarstein/web/yii/framework/web/CController.php(308): CInlineAction->runWithParams(Array)
#5 /home/istarstein/web/yii/framework/web/filters/CFilterChain.php(133): CController->runAction(Object(CInlineAction))
#6 /home/istarstein/web/yii/framework/web/CController.php(1116): CFilterChain->run()
#7 /home/istarstein/web/yii/framework/web/filters/CInlineFilter.php(58): CController->filterPostOnly(Object(CFilterChain))
#8 /home/istarstein/web/yii/framework/web/filters/CFilterChain.php(130): CInlineFilter->filter(Object(CFilterChain))
#9 /home/istarstein/web/yii/framework/web/filters/CFilter.php(40): CFilterChain->run()
#10 /home/istarstein/web/yii/framework/web/CController.php(1145): CFilter->filter(Object(CFilterChain))
#11 /home/istarstein/web/yii/framework/web/filters/CInlineFilter.php(58): CController->filterAccessControl(Object(CFilterChain))
#12 /home/istarstein/web/yii/framework/web/filters/CFilterChain.php(130): CInlineFilter->filter(Object(CFilterChain))
#13 /home/istarstein/web/yii/framework/web/CController.php(291): CFilterChain->run()
#14 /home/istarstein/web/yii/framework/web/CController.php(265): CController->runActionWithFilters(Object(CInlineAction), Array)
#15 /home/istarstein/web/yii/framework/web/CWebApplication.php(282): CController->run('delete')
#16 /home/istarstein/web/yii/framework/web/CWebApplication.php(141): CWebApplication->runController('point/delete')
#17 /home/istarstein/web/yii/framework/base/CApplication.php(180): CWebApplication->processRequest()
#18 /home/istarstein/web/diary/index.php(13): CApplication->run()
#19 {main}
REQUEST_URI=/web/diary/index.php?r=point/delete&id=13&ajax=delete
HTTP_REFERER=http://localhost/web/diary/index.php?r=point/index
---
2013/08/26 21:21:16 [error] [exception.CHttpException.404] exception 'CHttpException' with message 'The requested page does not exist.' in /home/istarstein/web/diary/protected/controllers/PointController.php:117
Stack trace:
#0 /home/istarstein/web/diary/protected/controllers/PointController.php(89): PointController->loadModel('13')
#1 [internal function]: PointController->actionDelete('13')
#2 /home/istarstein/web/yii/framework/web/actions/CAction.php(108): ReflectionMethod->invokeArgs(Object(PointController), Array)
#3 /home/istarstein/web/yii/framework/web/actions/CInlineAction.php(47): CAction->runWithParamsInternal(Object(PointController), Object(ReflectionMethod), Array)
#4 /home/istarstein/web/yii/framework/web/CController.php(308): CInlineAction->runWithParams(Array)
#5 /home/istarstein/web/yii/framework/web/filters/CFilterChain.php(133): CController->runAction(Object(CInlineAction))
#6 /home/istarstein/web/yii/framework/web/CController.php(1116): CFilterChain->run()
#7 /home/istarstein/web/yii/framework/web/filters/CInlineFilter.php(58): CController->filterPostOnly(Object(CFilterChain))
#8 /home/istarstein/web/yii/framework/web/filters/CFilterChain.php(130): CInlineFilter->filter(Object(CFilterChain))
#9 /home/istarstein/web/yii/framework/web/filters/CFilter.php(40): CFilterChain->run()
#10 /home/istarstein/web/yii/framework/web/CController.php(1145): CFilter->filter(Object(CFilterChain))
#11 /home/istarstein/web/yii/framework/web/filters/CInlineFilter.php(58): CController->filterAccessControl(Object(CFilterChain))
#12 /home/istarstein/web/yii/framework/web/filters/CFilterChain.php(130): CInlineFilter->filter(Object(CFilterChain))
#13 /home/istarstein/web/yii/framework/web/CController.php(291): CFilterChain->run()
#14 /home/istarstein/web/yii/framework/web/CController.php(265): CController->runActionWithFilters(Object(CInlineAction), Array)
#15 /home/istarstein/web/yii/framework/web/CWebApplication.php(282): CController->run('delete')
#16 /home/istarstein/web/yii/framework/web/CWebApplication.php(141): CWebApplication->runController('point/delete')
#17 /home/istarstein/web/yii/framework/base/CApplication.php(180): CWebApplication->processRequest()
#18 /home/istarstein/web/diary/index.php(13): CApplication->run()
#19 {main}
REQUEST_URI=/web/diary/index.php?r=point/delete&id=13&ajax=delete
HTTP_REFERER=http://localhost/web/diary/index.php?r=point/index
---
2013/08/26 21:21:16 [error] [exception.CHttpException.404] exception 'CHttpException' with message 'The requested page does not exist.' in /home/istarstein/web/diary/protected/controllers/PointController.php:117
Stack trace:
#0 /home/istarstein/web/diary/protected/controllers/PointController.php(89): PointController->loadModel('13')
#1 [internal function]: PointController->actionDelete('13')
#2 /home/istarstein/web/yii/framework/web/actions/CAction.php(108): ReflectionMethod->invokeArgs(Object(PointController), Array)
#3 /home/istarstein/web/yii/framework/web/actions/CInlineAction.php(47): CAction->runWithParamsInternal(Object(PointController), Object(ReflectionMethod), Array)
#4 /home/istarstein/web/yii/framework/web/CController.php(308): CInlineAction->runWithParams(Array)
#5 /home/istarstein/web/yii/framework/web/filters/CFilterChain.php(133): CController->runAction(Object(CInlineAction))
#6 /home/istarstein/web/yii/framework/web/CController.php(1116): CFilterChain->run()
#7 /home/istarstein/web/yii/framework/web/filters/CInlineFilter.php(58): CController->filterPostOnly(Object(CFilterChain))
#8 /home/istarstein/web/yii/framework/web/filters/CFilterChain.php(130): CInlineFilter->filter(Object(CFilterChain))
#9 /home/istarstein/web/yii/framework/web/filters/CFilter.php(40): CFilterChain->run()
#10 /home/istarstein/web/yii/framework/web/CController.php(1145): CFilter->filter(Object(CFilterChain))
#11 /home/istarstein/web/yii/framework/web/filters/CInlineFilter.php(58): CController->filterAccessControl(Object(CFilterChain))
#12 /home/istarstein/web/yii/framework/web/filters/CFilterChain.php(130): CInlineFilter->filter(Object(CFilterChain))
#13 /home/istarstein/web/yii/framework/web/CController.php(291): CFilterChain->run()
#14 /home/istarstein/web/yii/framework/web/CController.php(265): CController->runActionWithFilters(Object(CInlineAction), Array)
#15 /home/istarstein/web/yii/framework/web/CWebApplication.php(282): CController->run('delete')
#16 /home/istarstein/web/yii/framework/web/CWebApplication.php(141): CWebApplication->runController('point/delete')
#17 /home/istarstein/web/yii/framework/base/CApplication.php(180): CWebApplication->processRequest()
#18 /home/istarstein/web/diary/index.php(13): CApplication->run()
#19 {main}
REQUEST_URI=/web/diary/index.php?r=point/delete&id=13&ajax=delete
HTTP_REFERER=http://localhost/web/diary/index.php?r=point/index
---
2013/08/26 21:21:17 [error] [exception.CHttpException.404] exception 'CHttpException' with message 'The requested page does not exist.' in /home/istarstein/web/diary/protected/controllers/PointController.php:117
Stack trace:
#0 /home/istarstein/web/diary/protected/controllers/PointController.php(89): PointController->loadModel('13')
#1 [internal function]: PointController->actionDelete('13')
#2 /home/istarstein/web/yii/framework/web/actions/CAction.php(108): ReflectionMethod->invokeArgs(Object(PointController), Array)
#3 /home/istarstein/web/yii/framework/web/actions/CInlineAction.php(47): CAction->runWithParamsInternal(Object(PointController), Object(ReflectionMethod), Array)
#4 /home/istarstein/web/yii/framework/web/CController.php(308): CInlineAction->runWithParams(Array)
#5 /home/istarstein/web/yii/framework/web/filters/CFilterChain.php(133): CController->runAction(Object(CInlineAction))
#6 /home/istarstein/web/yii/framework/web/CController.php(1116): CFilterChain->run()
#7 /home/istarstein/web/yii/framework/web/filters/CInlineFilter.php(58): CController->filterPostOnly(Object(CFilterChain))
#8 /home/istarstein/web/yii/framework/web/filters/CFilterChain.php(130): CInlineFilter->filter(Object(CFilterChain))
#9 /home/istarstein/web/yii/framework/web/filters/CFilter.php(40): CFilterChain->run()
#10 /home/istarstein/web/yii/framework/web/CController.php(1145): CFilter->filter(Object(CFilterChain))
#11 /home/istarstein/web/yii/framework/web/filters/CInlineFilter.php(58): CController->filterAccessControl(Object(CFilterChain))
#12 /home/istarstein/web/yii/framework/web/filters/CFilterChain.php(130): CInlineFilter->filter(Object(CFilterChain))
#13 /home/istarstein/web/yii/framework/web/CController.php(291): CFilterChain->run()
#14 /home/istarstein/web/yii/framework/web/CController.php(265): CController->runActionWithFilters(Object(CInlineAction), Array)
#15 /home/istarstein/web/yii/framework/web/CWebApplication.php(282): CController->run('delete')
#16 /home/istarstein/web/yii/framework/web/CWebApplication.php(141): CWebApplication->runController('point/delete')
#17 /home/istarstein/web/yii/framework/base/CApplication.php(180): CWebApplication->processRequest()
#18 /home/istarstein/web/diary/index.php(13): CApplication->run()
#19 {main}
REQUEST_URI=/web/diary/index.php?r=point/delete&id=13&ajax=delete
HTTP_REFERER=http://localhost/web/diary/index.php?r=point/index
---
2013/08/26 21:21:17 [error] [exception.CHttpException.404] exception 'CHttpException' with message 'The requested page does not exist.' in /home/istarstein/web/diary/protected/controllers/PointController.php:117
Stack trace:
#0 /home/istarstein/web/diary/protected/controllers/PointController.php(89): PointController->loadModel('13')
#1 [internal function]: PointController->actionDelete('13')
#2 /home/istarstein/web/yii/framework/web/actions/CAction.php(108): ReflectionMethod->invokeArgs(Object(PointController), Array)
#3 /home/istarstein/web/yii/framework/web/actions/CInlineAction.php(47): CAction->runWithParamsInternal(Object(PointController), Object(ReflectionMethod), Array)
#4 /home/istarstein/web/yii/framework/web/CController.php(308): CInlineAction->runWithParams(Array)
#5 /home/istarstein/web/yii/framework/web/filters/CFilterChain.php(133): CController->runAction(Object(CInlineAction))
#6 /home/istarstein/web/yii/framework/web/CController.php(1116): CFilterChain->run()
#7 /home/istarstein/web/yii/framework/web/filters/CInlineFilter.php(58): CController->filterPostOnly(Object(CFilterChain))
#8 /home/istarstein/web/yii/framework/web/filters/CFilterChain.php(130): CInlineFilter->filter(Object(CFilterChain))
#9 /home/istarstein/web/yii/framework/web/filters/CFilter.php(40): CFilterChain->run()
#10 /home/istarstein/web/yii/framework/web/CController.php(1145): CFilter->filter(Object(CFilterChain))
#11 /home/istarstein/web/yii/framework/web/filters/CInlineFilter.php(58): CController->filterAccessControl(Object(CFilterChain))
#12 /home/istarstein/web/yii/framework/web/filters/CFilterChain.php(130): CInlineFilter->filter(Object(CFilterChain))
#13 /home/istarstein/web/yii/framework/web/CController.php(291): CFilterChain->run()
#14 /home/istarstein/web/yii/framework/web/CController.php(265): CController->runActionWithFilters(Object(CInlineAction), Array)
#15 /home/istarstein/web/yii/framework/web/CWebApplication.php(282): CController->run('delete')
#16 /home/istarstein/web/yii/framework/web/CWebApplication.php(141): CWebApplication->runController('point/delete')
#17 /home/istarstein/web/yii/framework/base/CApplication.php(180): CWebApplication->processRequest()
#18 /home/istarstein/web/diary/index.php(13): CApplication->run()
#19 {main}
REQUEST_URI=/web/diary/index.php?r=point/delete&id=13&ajax=delete
HTTP_REFERER=http://localhost/web/diary/index.php?r=point/index
---
